<?xml version="1.0" encoding="UTF-8"?>
<testng-results skipped="0" failed="0" total="2" passed="2">
  <reporter-output>
  </reporter-output>
  <suite name="Default suite" duration-ms="24049" started-at="2015-01-28T13:30:58Z" finished-at="2015-01-28T13:31:22Z">
    <groups>
    </groups>
    <test name="Default test" duration-ms="24049" started-at="2015-01-28T13:30:58Z" finished-at="2015-01-28T13:31:22Z">
      <class name="webdriverdemo">
        <test-method status="PASS" signature="testCase_001()[pri:0, instance:webdriverdemo@b59d31]" name="testCase_001" duration-ms="14851" started-at="2015-01-28T21:30:58Z" finished-at="2015-01-28T21:31:13Z">
          <reporter-output>
          </reporter-output>
        </test-method> <!-- testCase_001 -->
        <test-method status="PASS" signature="testCase_002()[pri:0, instance:webdriverdemo@b59d31]" name="testCase_002" duration-ms="9182" started-at="2015-01-28T21:31:13Z" finished-at="2015-01-28T21:31:22Z">
          <reporter-output>
          </reporter-output>
        </test-method> <!-- testCase_002 -->
      </class> <!-- webdriverdemo -->
    </test> <!-- Default test -->
  </suite> <!-- Default suite -->
</testng-results>
